[     602ms] [INFO] %cDownload the React DevTools for a better development experience: https://react.dev/link/react-devtools font-weight:bold @ http://localhost:5173/node_modules/.vite/deps/react-dom_client.js?v=28cc64ad:14337
[  498392ms] [INFO] %cDownload the React DevTools for a better development experience: https://react.dev/link/react-devtools font-weight:bold @ http://localhost:5173/node_modules/.vite/deps/react-dom_client.js?v=28cc64ad:14337
[  537022ms] [INFO] %cDownload the React DevTools for a better development experience: https://react.dev/link/react-devtools font-weight:bold @ http://localhost:5173/node_modules/.vite/deps/react-dom_client.js?v=28cc64ad:14337
[  546850ms] [INFO] %cDownload the React DevTools for a better development experience: https://react.dev/link/react-devtools font-weight:bold @ http://localhost:5173/node_modules/.vite/deps/react-dom_client.js?v=28cc64ad:14337
[  548994ms] [ERROR] WebSocket connection to 'ws://localhost:5173/?token=_8rlgOt8mcw2' failed: Error in connection establishment: net::ERR_CONNECTION_REFUSED @ http://localhost:5173/@vite/client:864
[  549015ms] [INFO] [vite] Direct websocket connection fallback. Check out https://vite.dev/config/server-options.html#server-hmr to remove the previous connection error. @ http://localhost:5173/@vite/client:879
[  561728ms] [INFO] %cDownload the React DevTools for a better development experience: https://react.dev/link/react-devtools font-weight:bold @ http://localhost:5173/node_modules/.vite/deps/react-dom_client.js?v=28cc64ad:14337
[  743807ms] [ERROR] Failed to load resource: the server responded with a status of 401 () @ https://hmcowpwfefeeossztuem.supabase.co/rest/v1/products?select=id%2Cname%2Cstock&shop_id=eq.a24f64a5-cd51-4bce-b31b-76fc73355c16&stock=lte.6&order=stock.asc:0
[  774004ms] [ERROR] Failed to load resource: the server responded with a status of 401 () @ https://hmcowpwfefeeossztuem.supabase.co/rest/v1/products?select=id%2Cname%2Cstock&shop_id=eq.a24f64a5-cd51-4bce-b31b-76fc73355c16&stock=lte.6&order=stock.asc:0
[  804181ms] [ERROR] Failed to load resource: the server responded with a status of 401 () @ https://hmcowpwfefeeossztuem.supabase.co/rest/v1/products?select=id%2Cname%2Cstock&shop_id=eq.a24f64a5-cd51-4bce-b31b-76fc73355c16&stock=lte.6&order=stock.asc:0
[  834519ms] [ERROR] Failed to load resource: the server responded with a status of 401 () @ https://hmcowpwfefeeossztuem.supabase.co/rest/v1/products?select=id%2Cname%2Cstock&shop_id=eq.a24f64a5-cd51-4bce-b31b-76fc73355c16&stock=lte.6&order=stock.asc:0
[  864695ms] [ERROR] Failed to load resource: the server responded with a status of 401 () @ https://hmcowpwfefeeossztuem.supabase.co/rest/v1/products?select=id%2Cname%2Cstock&shop_id=eq.a24f64a5-cd51-4bce-b31b-76fc73355c16&stock=lte.6&order=stock.asc:0
[  894899ms] [ERROR] Failed to load resource: the server responded with a status of 401 () @ https://hmcowpwfefeeossztuem.supabase.co/rest/v1/products?select=id%2Cname%2Cstock&shop_id=eq.a24f64a5-cd51-4bce-b31b-76fc73355c16&stock=lte.6&order=stock.asc:0
[  925076ms] [ERROR] Failed to load resource: the server responded with a status of 401 () @ https://hmcowpwfefeeossztuem.supabase.co/rest/v1/products?select=id%2Cname%2Cstock&shop_id=eq.a24f64a5-cd51-4bce-b31b-76fc73355c16&stock=lte.6&order=stock.asc:0
[  955414ms] [ERROR] Failed to load resource: the server responded with a status of 401 () @ https://hmcowpwfefeeossztuem.supabase.co/rest/v1/products?select=id%2Cname%2Cstock&shop_id=eq.a24f64a5-cd51-4bce-b31b-76fc73355c16&stock=lte.6&order=stock.asc:0
[  985595ms] [ERROR] Failed to load resource: the server responded with a status of 401 () @ https://hmcowpwfefeeossztuem.supabase.co/rest/v1/products?select=id%2Cname%2Cstock&shop_id=eq.a24f64a5-cd51-4bce-b31b-76fc73355c16&stock=lte.6&order=stock.asc:0
[ 1015773ms] [ERROR] Failed to load resource: the server responded with a status of 401 () @ https://hmcowpwfefeeossztuem.supabase.co/rest/v1/products?select=id%2Cname%2Cstock&shop_id=eq.a24f64a5-cd51-4bce-b31b-76fc73355c16&stock=lte.6&order=stock.asc:0
[ 1045962ms] [ERROR] Failed to load resource: the server responded with a status of 401 () @ https://hmcowpwfefeeossztuem.supabase.co/rest/v1/products?select=id%2Cname%2Cstock&shop_id=eq.a24f64a5-cd51-4bce-b31b-76fc73355c16&stock=lte.6&order=stock.asc:0
[ 1076305ms] [ERROR] Failed to load resource: the server responded with a status of 401 () @ https://hmcowpwfefeeossztuem.supabase.co/rest/v1/products?select=id%2Cname%2Cstock&shop_id=eq.a24f64a5-cd51-4bce-b31b-76fc73355c16&stock=lte.6&order=stock.asc:0
[ 1106486ms] [ERROR] Failed to load resource: the server responded with a status of 401 () @ https://hmcowpwfefeeossztuem.supabase.co/rest/v1/products?select=id%2Cname%2Cstock&shop_id=eq.a24f64a5-cd51-4bce-b31b-76fc73355c16&stock=lte.6&order=stock.asc:0
[ 1136681ms] [ERROR] Failed to load resource: the server responded with a status of 401 () @ https://hmcowpwfefeeossztuem.supabase.co/rest/v1/products?select=id%2Cname%2Cstock&shop_id=eq.a24f64a5-cd51-4bce-b31b-76fc73355c16&stock=lte.6&order=stock.asc:0
[ 1166871ms] [ERROR] Failed to load resource: the server responded with a status of 401 () @ https://hmcowpwfefeeossztuem.supabase.co/rest/v1/products?select=id%2Cname%2Cstock&shop_id=eq.a24f64a5-cd51-4bce-b31b-76fc73355c16&stock=lte.6&order=stock.asc:0
[ 1197233ms] [ERROR] Failed to load resource: the server responded with a status of 401 () @ https://hmcowpwfefeeossztuem.supabase.co/rest/v1/products?select=id%2Cname%2Cstock&shop_id=eq.a24f64a5-cd51-4bce-b31b-76fc73355c16&stock=lte.6&order=stock.asc:0
[ 1227424ms] [ERROR] Failed to load resource: the server responded with a status of 401 () @ https://hmcowpwfefeeossztuem.supabase.co/rest/v1/products?select=id%2Cname%2Cstock&shop_id=eq.a24f64a5-cd51-4bce-b31b-76fc73355c16&stock=lte.6&order=stock.asc:0
[ 1257608ms] [ERROR] Failed to load resource: the server responded with a status of 401 () @ https://hmcowpwfefeeossztuem.supabase.co/rest/v1/products?select=id%2Cname%2Cstock&shop_id=eq.a24f64a5-cd51-4bce-b31b-76fc73355c16&stock=lte.6&order=stock.asc:0
[ 1287869ms] [ERROR] Failed to load resource: the server responded with a status of 401 () @ https://hmcowpwfefeeossztuem.supabase.co/rest/v1/products?select=id%2Cname%2Cstock&shop_id=eq.a24f64a5-cd51-4bce-b31b-76fc73355c16&stock=lte.6&order=stock.asc:0
[ 1318217ms] [ERROR] Failed to load resource: the server responded with a status of 401 () @ https://hmcowpwfefeeossztuem.supabase.co/rest/v1/products?select=id%2Cname%2Cstock&shop_id=eq.a24f64a5-cd51-4bce-b31b-76fc73355c16&stock=lte.6&order=stock.asc:0
[ 1348408ms] [ERROR] Failed to load resource: the server responded with a status of 401 () @ https://hmcowpwfefeeossztuem.supabase.co/rest/v1/products?select=id%2Cname%2Cstock&shop_id=eq.a24f64a5-cd51-4bce-b31b-76fc73355c16&stock=lte.6&order=stock.asc:0
[ 1378609ms] [ERROR] Failed to load resource: the server responded with a status of 401 () @ https://hmcowpwfefeeossztuem.supabase.co/rest/v1/products?select=id%2Cname%2Cstock&shop_id=eq.a24f64a5-cd51-4bce-b31b-76fc73355c16&stock=lte.6&order=stock.asc:0
[ 1408795ms] [ERROR] Failed to load resource: the server responded with a status of 401 () @ https://hmcowpwfefeeossztuem.supabase.co/rest/v1/products?select=id%2Cname%2Cstock&shop_id=eq.a24f64a5-cd51-4bce-b31b-76fc73355c16&stock=lte.6&order=stock.asc:0
[ 1439145ms] [ERROR] Failed to load resource: the server responded with a status of 401 () @ https://hmcowpwfefeeossztuem.supabase.co/rest/v1/products?select=id%2Cname%2Cstock&shop_id=eq.a24f64a5-cd51-4bce-b31b-76fc73355c16&stock=lte.6&order=stock.asc:0
[ 1469332ms] [ERROR] Failed to load resource: the server responded with a status of 401 () @ https://hmcowpwfefeeossztuem.supabase.co/rest/v1/products?select=id%2Cname%2Cstock&shop_id=eq.a24f64a5-cd51-4bce-b31b-76fc73355c16&stock=lte.6&order=stock.asc:0
[ 1499530ms] [ERROR] Failed to load resource: the server responded with a status of 401 () @ https://hmcowpwfefeeossztuem.supabase.co/rest/v1/products?select=id%2Cname%2Cstock&shop_id=eq.a24f64a5-cd51-4bce-b31b-76fc73355c16&stock=lte.6&order=stock.asc:0
[ 1529714ms] [ERROR] Failed to load resource: the server responded with a status of 401 () @ https://hmcowpwfefeeossztuem.supabase.co/rest/v1/products?select=id%2Cname%2Cstock&shop_id=eq.a24f64a5-cd51-4bce-b31b-76fc73355c16&stock=lte.6&order=stock.asc:0
[ 1560050ms] [ERROR] Failed to load resource: the server responded with a status of 401 () @ https://hmcowpwfefeeossztuem.supabase.co/rest/v1/products?select=id%2Cname%2Cstock&shop_id=eq.a24f64a5-cd51-4bce-b31b-76fc73355c16&stock=lte.6&order=stock.asc:0
[ 1590227ms] [ERROR] Failed to load resource: the server responded with a status of 401 () @ https://hmcowpwfefeeossztuem.supabase.co/rest/v1/products?select=id%2Cname%2Cstock&shop_id=eq.a24f64a5-cd51-4bce-b31b-76fc73355c16&stock=lte.6&order=stock.asc:0
[ 1620413ms] [ERROR] Failed to load resource: the server responded with a status of 401 () @ https://hmcowpwfefeeossztuem.supabase.co/rest/v1/products?select=id%2Cname%2Cstock&shop_id=eq.a24f64a5-cd51-4bce-b31b-76fc73355c16&stock=lte.6&order=stock.asc:0
[ 1650609ms] [ERROR] Failed to load resource: the server responded with a status of 401 () @ https://hmcowpwfefeeossztuem.supabase.co/rest/v1/products?select=id%2Cname%2Cstock&shop_id=eq.a24f64a5-cd51-4bce-b31b-76fc73355c16&stock=lte.6&order=stock.asc:0
[ 1680966ms] [ERROR] Failed to load resource: the server responded with a status of 401 () @ https://hmcowpwfefeeossztuem.supabase.co/rest/v1/products?select=id%2Cname%2Cstock&shop_id=eq.a24f64a5-cd51-4bce-b31b-76fc73355c16&stock=lte.6&order=stock.asc:0
[ 1711153ms] [ERROR] Failed to load resource: the server responded with a status of 401 () @ https://hmcowpwfefeeossztuem.supabase.co/rest/v1/products?select=id%2Cname%2Cstock&shop_id=eq.a24f64a5-cd51-4bce-b31b-76fc73355c16&stock=lte.6&order=stock.asc:0
[ 1741357ms] [ERROR] Failed to load resource: the server responded with a status of 401 () @ https://hmcowpwfefeeossztuem.supabase.co/rest/v1/products?select=id%2Cname%2Cstock&shop_id=eq.a24f64a5-cd51-4bce-b31b-76fc73355c16&stock=lte.6&order=stock.asc:0
[ 1771538ms] [ERROR] Failed to load resource: the server responded with a status of 401 () @ https://hmcowpwfefeeossztuem.supabase.co/rest/v1/products?select=id%2Cname%2Cstock&shop_id=eq.a24f64a5-cd51-4bce-b31b-76fc73355c16&stock=lte.6&order=stock.asc:0
[ 1801896ms] [ERROR] Failed to load resource: the server responded with a status of 401 () @ https://hmcowpwfefeeossztuem.supabase.co/rest/v1/products?select=id%2Cname%2Cstock&shop_id=eq.a24f64a5-cd51-4bce-b31b-76fc73355c16&stock=lte.6&order=stock.asc:0
[ 1832072ms] [ERROR] Failed to load resource: the server responded with a status of 401 () @ https://hmcowpwfefeeossztuem.supabase.co/rest/v1/products?select=id%2Cname%2Cstock&shop_id=eq.a24f64a5-cd51-4bce-b31b-76fc73355c16&stock=lte.6&order=stock.asc:0
[ 1862266ms] [ERROR] Failed to load resource: the server responded with a status of 401 () @ https://hmcowpwfefeeossztuem.supabase.co/rest/v1/products?select=id%2Cname%2Cstock&shop_id=eq.a24f64a5-cd51-4bce-b31b-76fc73355c16&stock=lte.6&order=stock.asc:0
[ 1892453ms] [ERROR] Failed to load resource: the server responded with a status of 401 () @ https://hmcowpwfefeeossztuem.supabase.co/rest/v1/products?select=id%2Cname%2Cstock&shop_id=eq.a24f64a5-cd51-4bce-b31b-76fc73355c16&stock=lte.6&order=stock.asc:0
[ 1922803ms] [ERROR] Failed to load resource: the server responded with a status of 401 () @ https://hmcowpwfefeeossztuem.supabase.co/rest/v1/products?select=id%2Cname%2Cstock&shop_id=eq.a24f64a5-cd51-4bce-b31b-76fc73355c16&stock=lte.6&order=stock.asc:0
[ 1952975ms] [ERROR] Failed to load resource: the server responded with a status of 401 () @ https://hmcowpwfefeeossztuem.supabase.co/rest/v1/products?select=id%2Cname%2Cstock&shop_id=eq.a24f64a5-cd51-4bce-b31b-76fc73355c16&stock=lte.6&order=stock.asc:0
[ 1983174ms] [ERROR] Failed to load resource: the server responded with a status of 401 () @ https://hmcowpwfefeeossztuem.supabase.co/rest/v1/products?select=id%2Cname%2Cstock&shop_id=eq.a24f64a5-cd51-4bce-b31b-76fc73355c16&stock=lte.6&order=stock.asc:0
[ 2013350ms] [ERROR] Failed to load resource: the server responded with a status of 401 () @ https://hmcowpwfefeeossztuem.supabase.co/rest/v1/products?select=id%2Cname%2Cstock&shop_id=eq.a24f64a5-cd51-4bce-b31b-76fc73355c16&stock=lte.6&order=stock.asc:0
[ 2043681ms] [ERROR] Failed to load resource: the server responded with a status of 401 () @ https://hmcowpwfefeeossztuem.supabase.co/rest/v1/products?select=id%2Cname%2Cstock&shop_id=eq.a24f64a5-cd51-4bce-b31b-76fc73355c16&stock=lte.6&order=stock.asc:0
[ 2073873ms] [ERROR] Failed to load resource: the server responded with a status of 401 () @ https://hmcowpwfefeeossztuem.supabase.co/rest/v1/products?select=id%2Cname%2Cstock&shop_id=eq.a24f64a5-cd51-4bce-b31b-76fc73355c16&stock=lte.6&order=stock.asc:0
[ 2104071ms] [ERROR] Failed to load resource: the server responded with a status of 401 () @ https://hmcowpwfefeeossztuem.supabase.co/rest/v1/products?select=id%2Cname%2Cstock&shop_id=eq.a24f64a5-cd51-4bce-b31b-76fc73355c16&stock=lte.6&order=stock.asc:0
[ 2134267ms] [ERROR] Failed to load resource: the server responded with a status of 401 () @ https://hmcowpwfefeeossztuem.supabase.co/rest/v1/products?select=id%2Cname%2Cstock&shop_id=eq.a24f64a5-cd51-4bce-b31b-76fc73355c16&stock=lte.6&order=stock.asc:0
[ 2164604ms] [ERROR] Failed to load resource: the server responded with a status of 401 () @ https://hmcowpwfefeeossztuem.supabase.co/rest/v1/products?select=id%2Cname%2Cstock&shop_id=eq.a24f64a5-cd51-4bce-b31b-76fc73355c16&stock=lte.6&order=stock.asc:0
[ 2194776ms] [ERROR] Failed to load resource: the server responded with a status of 401 () @ https://hmcowpwfefeeossztuem.supabase.co/rest/v1/products?select=id%2Cname%2Cstock&shop_id=eq.a24f64a5-cd51-4bce-b31b-76fc73355c16&stock=lte.6&order=stock.asc:0
[ 2224953ms] [ERROR] Failed to load resource: the server responded with a status of 401 () @ https://hmcowpwfefeeossztuem.supabase.co/rest/v1/products?select=id%2Cname%2Cstock&shop_id=eq.a24f64a5-cd51-4bce-b31b-76fc73355c16&stock=lte.6&order=stock.asc:0
[ 2255139ms] [ERROR] Failed to load resource: the server responded with a status of 401 () @ https://hmcowpwfefeeossztuem.supabase.co/rest/v1/products?select=id%2Cname%2Cstock&shop_id=eq.a24f64a5-cd51-4bce-b31b-76fc73355c16&stock=lte.6&order=stock.asc:0
[ 2285527ms] [ERROR] Failed to load resource: the server responded with a status of 401 () @ https://hmcowpwfefeeossztuem.supabase.co/rest/v1/products?select=id%2Cname%2Cstock&shop_id=eq.a24f64a5-cd51-4bce-b31b-76fc73355c16&stock=lte.6&order=stock.asc:0
[ 2315703ms] [ERROR] Failed to load resource: the server responded with a status of 401 () @ https://hmcowpwfefeeossztuem.supabase.co/rest/v1/products?select=id%2Cname%2Cstock&shop_id=eq.a24f64a5-cd51-4bce-b31b-76fc73355c16&stock=lte.6&order=stock.asc:0
[ 2345884ms] [ERROR] Failed to load resource: the server responded with a status of 401 () @ https://hmcowpwfefeeossztuem.supabase.co/rest/v1/products?select=id%2Cname%2Cstock&shop_id=eq.a24f64a5-cd51-4bce-b31b-76fc73355c16&stock=lte.6&order=stock.asc:0
[ 2360003ms] [ERROR] Failed to load resource: the server responded with a status of 401 () @ https://hmcowpwfefeeossztuem.supabase.co/rest/v1/catalogue?select=id%2Cname&shop_id=eq.a24f64a5-cd51-4bce-b31b-76fc73355c16:0
[ 2360010ms] [ERROR] Failed to load resource: the server responded with a status of 401 () @ https://hmcowpwfefeeossztuem.supabase.co/rest/v1/products?select=*&shop_id=eq.a24f64a5-cd51-4bce-b31b-76fc73355c16&stock=lte.6:0
[ 2360030ms] [ERROR] Failed to load resource: the server responded with a status of 401 () @ https://hmcowpwfefeeossztuem.supabase.co/rest/v1/products?select=*&shop_id=eq.a24f64a5-cd51-4bce-b31b-76fc73355c16&offset=0&limit=50&order=created_at.desc:0
[ 2360161ms] [ERROR] Failed to load resource: the server responded with a status of 401 () @ https://hmcowpwfefeeossztuem.supabase.co/rest/v1/catalogue?select=id%2Cname&shop_id=eq.a24f64a5-cd51-4bce-b31b-76fc73355c16:0
[ 2360169ms] [ERROR] Failed to load resource: the server responded with a status of 401 () @ https://hmcowpwfefeeossztuem.supabase.co/rest/v1/products?select=*&shop_id=eq.a24f64a5-cd51-4bce-b31b-76fc73355c16&offset=0&limit=50&order=created_at.desc:0
[ 2360170ms] [ERROR] {code: PGRST303, details: null, hint: null, message: JWT expired} @ http://localhost:5173/src/pages/Inventory.jsx?t=1781735878475:70
[ 2361419ms] [ERROR] Failed to load resource: the server responded with a status of 401 () @ https://hmcowpwfefeeossztuem.supabase.co/rest/v1/rpc/get_dashboard_summary:0
[ 2361437ms] [ERROR] Failed to load resource: the server responded with a status of 401 () @ https://hmcowpwfefeeossztuem.supabase.co/rest/v1/sales?select=product_id%2Cquantity&shop_id=eq.a24f64a5-cd51-4bce-b31b-76fc73355c16&created_at=gte.2026-05-18T23%3A11%3A51.347Z:0
[ 2361634ms] [ERROR] Failed to load resource: the server responded with a status of 401 () @ https://hmcowpwfefeeossztuem.supabase.co/rest/v1/products?select=*&shop_id=eq.a24f64a5-cd51-4bce-b31b-76fc73355c16&order=stock.desc:0
[ 2362594ms] [ERROR] Failed to load resource: the server responded with a status of 401 () @ https://hmcowpwfefeeossztuem.supabase.co/rest/v1/rpc/get_dashboard_summary:0
[ 2391432ms] [ERROR] Failed to load resource: the server responded with a status of 401 () @ https://hmcowpwfefeeossztuem.supabase.co/rest/v1/products?select=id%2Cname%2Cstock&shop_id=eq.a24f64a5-cd51-4bce-b31b-76fc73355c16&stock=lte.6&order=stock.asc:0
[ 2421640ms] [ERROR] Failed to load resource: the server responded with a status of 401 () @ https://hmcowpwfefeeossztuem.supabase.co/rest/v1/products?select=id%2Cname%2Cstock&shop_id=eq.a24f64a5-cd51-4bce-b31b-76fc73355c16&stock=lte.6&order=stock.asc:0
[ 2451837ms] [ERROR] Failed to load resource: the server responded with a status of 401 () @ https://hmcowpwfefeeossztuem.supabase.co/rest/v1/products?select=id%2Cname%2Cstock&shop_id=eq.a24f64a5-cd51-4bce-b31b-76fc73355c16&stock=lte.6&order=stock.asc:0
[ 2482021ms] [ERROR] Failed to load resource: the server responded with a status of 401 () @ https://hmcowpwfefeeossztuem.supabase.co/rest/v1/products?select=id%2Cname%2Cstock&shop_id=eq.a24f64a5-cd51-4bce-b31b-76fc73355c16&stock=lte.6&order=stock.asc:0
[ 2512207ms] [ERROR] Failed to load resource: the server responded with a status of 401 () @ https://hmcowpwfefeeossztuem.supabase.co/rest/v1/products?select=id%2Cname%2Cstock&shop_id=eq.a24f64a5-cd51-4bce-b31b-76fc73355c16&stock=lte.6&order=stock.asc:0
[ 2542407ms] [ERROR] Failed to load resource: the server responded with a status of 401 () @ https://hmcowpwfefeeossztuem.supabase.co/rest/v1/products?select=id%2Cname%2Cstock&shop_id=eq.a24f64a5-cd51-4bce-b31b-76fc73355c16&stock=lte.6&order=stock.asc:0
[ 2572589ms] [ERROR] Failed to load resource: the server responded with a status of 401 () @ https://hmcowpwfefeeossztuem.supabase.co/rest/v1/products?select=id%2Cname%2Cstock&shop_id=eq.a24f64a5-cd51-4bce-b31b-76fc73355c16&stock=lte.6&order=stock.asc:0
[ 2602780ms] [ERROR] Failed to load resource: the server responded with a status of 401 () @ https://hmcowpwfefeeossztuem.supabase.co/rest/v1/products?select=id%2Cname%2Cstock&shop_id=eq.a24f64a5-cd51-4bce-b31b-76fc73355c16&stock=lte.6&order=stock.asc:0
[ 2632962ms] [ERROR] Failed to load resource: the server responded with a status of 401 () @ https://hmcowpwfefeeossztuem.supabase.co/rest/v1/products?select=id%2Cname%2Cstock&shop_id=eq.a24f64a5-cd51-4bce-b31b-76fc73355c16&stock=lte.6&order=stock.asc:0
[ 2663142ms] [ERROR] Failed to load resource: the server responded with a status of 401 () @ https://hmcowpwfefeeossztuem.supabase.co/rest/v1/products?select=id%2Cname%2Cstock&shop_id=eq.a24f64a5-cd51-4bce-b31b-76fc73355c16&stock=lte.6&order=stock.asc:0
[ 2677851ms] [ERROR] Failed to load resource: the server responded with a status of 401 () @ https://hmcowpwfefeeossztuem.supabase.co/rest/v1/users?select=shop_id&auth_user_id=eq.ff3d98c0-88c0-427e-b7c7-29934f351682:0
[ 2678159ms] [ERROR] Failed to load resource: the server responded with a status of 401 () @ https://hmcowpwfefeeossztuem.supabase.co/rest/v1/users?select=shop_id&auth_user_id=eq.ff3d98c0-88c0-427e-b7c7-29934f351682:0
[ 2708363ms] [ERROR] Failed to load resource: the server responded with a status of 401 () @ https://hmcowpwfefeeossztuem.supabase.co/rest/v1/users?select=shop_id&auth_user_id=eq.ff3d98c0-88c0-427e-b7c7-29934f351682:0
[ 2718132ms] [LOG] [vite] server connection lost. Polling for restart... @ http://localhost:5173/@vite/client:992
[ 2738557ms] [ERROR] Failed to load resource: the server responded with a status of 401 () @ https://hmcowpwfefeeossztuem.supabase.co/rest/v1/users?select=shop_id&auth_user_id=eq.ff3d98c0-88c0-427e-b7c7-29934f351682:0
[ 2768745ms] [ERROR] Failed to load resource: the server responded with a status of 401 () @ https://hmcowpwfefeeossztuem.supabase.co/rest/v1/users?select=shop_id&auth_user_id=eq.ff3d98c0-88c0-427e-b7c7-29934f351682:0
[ 2798927ms] [ERROR] Failed to load resource: the server responded with a status of 401 () @ https://hmcowpwfefeeossztuem.supabase.co/rest/v1/users?select=shop_id&auth_user_id=eq.ff3d98c0-88c0-427e-b7c7-29934f351682:0
[ 2829291ms] [ERROR] Failed to load resource: the server responded with a status of 401 () @ https://hmcowpwfefeeossztuem.supabase.co/rest/v1/users?select=shop_id&auth_user_id=eq.ff3d98c0-88c0-427e-b7c7-29934f351682:0
[ 2859479ms] [ERROR] Failed to load resource: the server responded with a status of 401 () @ https://hmcowpwfefeeossztuem.supabase.co/rest/v1/users?select=shop_id&auth_user_id=eq.ff3d98c0-88c0-427e-b7c7-29934f351682:0
[ 2889658ms] [ERROR] Failed to load resource: the server responded with a status of 401 () @ https://hmcowpwfefeeossztuem.supabase.co/rest/v1/users?select=shop_id&auth_user_id=eq.ff3d98c0-88c0-427e-b7c7-29934f351682:0
[ 2915224ms] [INFO] %cDownload the React DevTools for a better development experience: https://react.dev/link/react-devtools font-weight:bold @ http://localhost:5173/node_modules/.vite/deps/react-dom_client.js?v=28cc64ad:14337
[ 2915939ms] [ERROR] Failed to load resource: the server responded with a status of 401 () @ https://hmcowpwfefeeossztuem.supabase.co/rest/v1/users?select=shop_id&auth_user_id=eq.ff3d98c0-88c0-427e-b7c7-29934f351682:0
[ 2916156ms] [ERROR] Failed to load resource: the server responded with a status of 401 () @ https://hmcowpwfefeeossztuem.supabase.co/rest/v1/users?select=id%2Cshop_id&auth_user_id=eq.ff3d98c0-88c0-427e-b7c7-29934f351682:0
[ 2916156ms] [ERROR] Failed to load resource: the server responded with a status of 401 () @ https://hmcowpwfefeeossztuem.supabase.co/rest/v1/users?select=id%2Cshop_id&auth_user_id=eq.ff3d98c0-88c0-427e-b7c7-29934f351682:0
[ 2916335ms] [ERROR] Failed to load resource: the server responded with a status of 401 () @ https://hmcowpwfefeeossztuem.supabase.co/rest/v1/users?select=id%2Cshop_id&email=eq.njugunabenard092%40gmail.com:0
[ 2916510ms] [ERROR] Failed to load resource: the server responded with a status of 401 () @ https://hmcowpwfefeeossztuem.supabase.co/rest/v1/shops?select=id:0
[ 2916519ms] [ERROR] Failed to load resource: the server responded with a status of 401 () @ https://hmcowpwfefeeossztuem.supabase.co/rest/v1/users?select=id%2Cshop_id&email=eq.njugunabenard092%40gmail.com:0
[ 2916688ms] [ERROR] Failed to load resource: the server responded with a status of 401 () @ https://hmcowpwfefeeossztuem.supabase.co/rest/v1/shops?select=id:0
[ 2946121ms] [ERROR] Failed to load resource: the server responded with a status of 401 () @ https://hmcowpwfefeeossztuem.supabase.co/rest/v1/users?select=shop_id&auth_user_id=eq.ff3d98c0-88c0-427e-b7c7-29934f351682:0
[ 2976299ms] [ERROR] Failed to load resource: the server responded with a status of 401 () @ https://hmcowpwfefeeossztuem.supabase.co/rest/v1/users?select=shop_id&auth_user_id=eq.ff3d98c0-88c0-427e-b7c7-29934f351682:0
[ 3006487ms] [ERROR] Failed to load resource: the server responded with a status of 401 () @ https://hmcowpwfefeeossztuem.supabase.co/rest/v1/users?select=shop_id&auth_user_id=eq.ff3d98c0-88c0-427e-b7c7-29934f351682:0
