[     770ms] [INFO] %cDownload the React DevTools for a better development experience: https://react.dev/link/react-devtools font-weight:bold @ http://localhost:5173/node_modules/.vite/deps/react-dom_client.js?v=a357c8cc:14337
[ 1639330ms] [ERROR] Failed to load resource: net::ERR_CONNECTION_REFUSED @ http://localhost:5173/src/index.css?t=1781734458090:0
[ 1639341ms] [ERROR] [vite] Failed to reload /src/index.css. This could be due to syntax errors or importing non-existent modules. (see errors above) @ http://localhost:5173/@vite/client:928
[ 1808668ms] [INFO] %cDownload the React DevTools for a better development experience: https://react.dev/link/react-devtools font-weight:bold @ http://localhost:5173/node_modules/.vite/deps/react-dom_client.js?v=a357c8cc:14337
[ 1856535ms] [INFO] %cDownload the React DevTools for a better development experience: https://react.dev/link/react-devtools font-weight:bold @ http://localhost:5173/node_modules/.vite/deps/react-dom_client.js?v=28cc64ad:14337
[ 1881455ms] ReferenceError: useState is not defined
    at Sidebar (http://localhost:5173/src/components/layout/Sidebar.jsx?t=1781734708092:120:44)
    at Object.react_stack_bottom_frame (http://localhost:5173/node_modules/.vite/deps/react-dom_client.js?v=28cc64ad:12868:12)
    at renderWithHooks (http://localhost:5173/node_modules/.vite/deps/react-dom_client.js?v=28cc64ad:4213:19)
    at updateFunctionComponent (http://localhost:5173/node_modules/.vite/deps/react-dom_client.js?v=28cc64ad:5569:16)
    at beginWork (http://localhost:5173/node_modules/.vite/deps/react-dom_client.js?v=28cc64ad:6140:20)
    at runWithFiberInDEV (http://localhost:5173/node_modules/.vite/deps/react-dom_client.js?v=28cc64ad:851:66)
    at performUnitOfWork (http://localhost:5173/node_modules/.vite/deps/react-dom_client.js?v=28cc64ad:8429:92)
    at workLoopSync (http://localhost:5173/node_modules/.vite/deps/react-dom_client.js?v=28cc64ad:8325:37)
    at renderRootSync (http://localhost:5173/node_modules/.vite/deps/react-dom_client.js?v=28cc64ad:8309:6)
    at performWorkOnRoot (http://localhost:5173/node_modules/.vite/deps/react-dom_client.js?v=28cc64ad:7994:27)
[ 1881420ms] [WARNING] %s

%s
 An error occurred in the <Sidebar> component. Consider adding an error boundary to your tree to customize error handling behavior.
Visit https://react.dev/link/error-boundaries to learn more about error boundaries. @ http://localhost:5173/node_modules/.vite/deps/react-dom_client.js?v=28cc64ad:5257
[ 2678006ms] ReferenceError: useMemo is not defined
    at Overview (http://localhost:5173/src/pages/Overview.jsx?t=1781735504438:110:20)
    at Object.react_stack_bottom_frame (http://localhost:5173/node_modules/.vite/deps/react-dom_client.js?v=28cc64ad:12868:12)
    at renderWithHooks (http://localhost:5173/node_modules/.vite/deps/react-dom_client.js?v=28cc64ad:4213:19)
    at updateFunctionComponent (http://localhost:5173/node_modules/.vite/deps/react-dom_client.js?v=28cc64ad:5569:16)
    at beginWork (http://localhost:5173/node_modules/.vite/deps/react-dom_client.js?v=28cc64ad:6140:20)
    at runWithFiberInDEV (http://localhost:5173/node_modules/.vite/deps/react-dom_client.js?v=28cc64ad:851:66)
    at performUnitOfWork (http://localhost:5173/node_modules/.vite/deps/react-dom_client.js?v=28cc64ad:8429:92)
    at workLoopSync (http://localhost:5173/node_modules/.vite/deps/react-dom_client.js?v=28cc64ad:8325:37)
    at renderRootSync (http://localhost:5173/node_modules/.vite/deps/react-dom_client.js?v=28cc64ad:8309:6)
    at performWorkOnRoot (http://localhost:5173/node_modules/.vite/deps/react-dom_client.js?v=28cc64ad:7994:27)
[ 2677958ms] [WARNING] %s

%s
 An error occurred in the <Overview> component. Consider adding an error boundary to your tree to customize error handling behavior.
Visit https://react.dev/link/error-boundaries to learn more about error boundaries. @ http://localhost:5173/node_modules/.vite/deps/react-dom_client.js?v=28cc64ad:5257
